<?xml version="1.0" encoding="utf-8"?><testsuites name="pytest tests"><testsuite name="pytest" errors="0" failures="0" skipped="0" tests="25" time="1.661" timestamp="2026-02-06T11:09:33.162528+00:00" hostname="agent-env-3f703c7c-7baa-4e21-95b1-422675dd4139"><testcase classname="backend.tests.test_api.TestSetupAndAuth" name="test_api_root" time="0.055" /><testcase classname="backend.tests.test_api.TestSetupAndAuth" name="test_setup_status" time="0.039" /><testcase classname="backend.tests.test_api.TestSetupAndAuth" name="test_login_invalid_credentials" time="0.040" /><testcase classname="backend.tests.test_api.TestSetupAndAuth" name="test_login_valid_credentials" time="0.326" /><testcase classname="backend.tests.test_api.TestSetupAndAuth" name="test_get_current_user" time="0.038" /><testcase classname="backend.tests.test_api.TestFolderCRUD" name="test_create_folder" time="0.042" /><testcase classname="backend.tests.test_api.TestFolderCRUD" name="test_get_folders" time="0.043" /><testcase classname="backend.tests.test_api.TestFolderCRUD" name="test_get_folder_by_id" time="0.080" /><testcase classname="backend.tests.test_api.TestFolderCRUD" name="test_update_folder" time="0.039" /><testcase classname="backend.tests.test_api.TestFolderCRUD" name="test_get_folder_path" time="0.034" /><testcase classname="backend.tests.test_api.TestFolderCRUD" name="test_create_nested_folder" time="0.033" /><testcase classname="backend.tests.test_api.TestFileOperations" name="test_upload_file" time="0.113" /><testcase classname="backend.tests.test_api.TestFileOperations" name="test_get_files_in_folder" time="0.036" /><testcase classname="backend.tests.test_api.TestFileOperations" name="test_get_thumbnail" time="0.101" /><testcase classname="backend.tests.test_api.TestFileOperations" name="test_get_preview" time="0.038" /><testcase classname="backend.tests.test_api.TestFileOperations" name="test_download_file" time="0.036" /><testcase classname="backend.tests.test_api.TestFileOperations" name="test_delete_file" time="0.076" /><testcase classname="backend.tests.test_api.TestShareOperations" name="test_create_share" time="0.042" /><testcase classname="backend.tests.test_api.TestShareOperations" name="test_get_shares" time="0.038" /><testcase classname="backend.tests.test_api.TestShareOperations" name="test_update_share_permission" time="0.071" /><testcase classname="backend.tests.test_api.TestShareOperations" name="test_get_share_qrcode" time="0.050" /><testcase classname="backend.tests.test_api.TestShareOperations" name="test_public_gallery_access" time="0.071" /><testcase classname="backend.tests.test_api.TestShareOperations" name="test_delete_share" time="0.039" /><testcase classname="backend.tests.test_api.TestStats" name="test_get_stats" time="0.038" /><testcase classname="backend.tests.test_api.TestCleanup" name="test_delete_test_folder" time="0.080" /></testsuite></testsuites>